Request: GET /
2024-10-12 10:30:07

Request: GET /
2024-10-12 10:32:52

Request: GET /
Remote Address: ::1 Remote Host: 
Remote User: 
2024-10-12 10:35:42

Request: GET /
Remote Address: ::1
2024-10-12 10:57:42

Request: GET /
Remote Address: ::1
2024-10-12 11:11:57

Request: GET /ap/refresh-access-token
Remote Address: ::1
2024-10-12 11:22:29

Request: GET /ap/refresh-access-token
Remote Address: ::1
2024-10-12 11:24:32

Request: GET /ap/refresh-access-token
Remote Address: ::1
2024-10-12 11:27:13

