
2024-03-27 23:01:27

AMf-vByhJNePsDpezRLU2rPJzzOBhrNbzzZUwDzmYj4_T8S1-O496OShm4i5Nr-1P3YxBsjcMczeNHrkbUiFhVzBygWtZctR72XWr2doVqIF_OCjrKyPm_kZlRXk6hElIB6sfZhqsJ7Gl3GUyTYD6LtcC0BF7P-WxLMTLjiqeTfFHjwgWoUzDtZSq31ga_XjQiC6KZG_aTvJsi61DmWbnFtz1J1DqPPjsx6S_lBb28OCIPkLZF3Brhc
2024-03-27 23:01:27

access token is set
2024-03-27 23:01:27

refresh token is set
2024-03-27 23:01:27

Access token is null
2024-03-27 23:01:27

Exception!!!
2024-03-27 23:01:27

Refresh token is null!!!
2024-03-27 23:01:27

Access token is null
2024-03-27 23:03:41

Not Found!
2024-03-27 23:03:41

Refresh token is null!!!
2024-03-27 23:03:41

Access token is null
2024-03-28 23:38:02

Not Found!
2024-03-28 23:38:02

Refresh token is null!!!
2024-03-28 23:38:02

Access token is null
2024-03-28 23:38:03

Not Found!
2024-03-28 23:38:03

Refresh token is null!!!
2024-03-28 23:38:03


2024-03-28 23:38:25

AMf-vBwuvrLv9laj9HZTWoXCQXeUaP35xsb8GSWY6IuTgH5OLEnEiLlIyrJ5wfbhqNV2WUI_xpwOsYdPCp8ZZPLp9qvkP6ItmPFc-9CJoDrATIRJ2ej3H765rJtkNiN-QsnkW7aBczJec6vpsK2sJYjl_fJS4GlzPQZ_DJnGhblGJkqHpjQuxtqDr1a-ft2B0UK22aGmLtTZ91f-lHUtjCRtQa-OQ2Z2bg4n_dCs4T6JTMKY5GYfNIU
2024-03-28 23:38:25

access token is set
2024-03-28 23:38:25

refresh token is set
2024-03-28 23:38:25

Access token is null
2024-03-28 23:38:25

Not Found!
2024-03-28 23:38:25

Refresh token is null!!!
2024-03-28 23:38:25

Access token is null
2024-03-28 23:54:24

Not Found!
2024-03-28 23:54:24

access token is set
2024-03-28 23:54:35

Access token is null
2024-03-28 23:55:50

Not Found!
2024-03-28 23:55:50

access token is set
2024-03-28 23:55:57

Access token is null
2024-03-28 23:56:05

Not Found!
2024-03-28 23:56:05

access token is set
2024-03-28 23:56:10

This token is expired since 2024-03-28T18:56:00+00:00.
2024-03-29 01:36:26

access token is set
2024-03-29 01:36:30

This token is expired since 2024-03-28T18:56:00+00:00.
2024-03-29 01:36:32

access token is set
2024-03-29 01:36:36

This token is expired since 2024-03-28T20:36:27+00:00.
2024-03-29 02:42:25

access token is set
2024-03-29 02:42:27

This token is expired since 2024-03-28T21:42:19+00:00.
2024-03-29 04:40:13

access token is set
2024-03-29 04:40:16

This token is expired since 2024-03-28T21:42:19+00:00.
2024-03-29 04:43:38

access token is set
2024-03-29 04:43:40

cURL error 52: Empty reply from server (see https://curl.haxx.se/libcurl/c/libcurl-errors.html) for https://www.googleapis.com/robot/v1/metadata/x509/securetoken@system.gserviceaccount.com
2024-03-29 04:49:44

access token is set
2024-03-29 04:49:55

This token is expired since 2024-03-28T23:43:39+00:00.
2024-03-29 10:59:34

access token is set
2024-03-29 10:59:37

Access token is null
2024-03-29 10:59:43

Not Found!
2024-03-29 10:59:43

Refresh token is null!!!
2024-03-29 10:59:43


2024-03-29 11:00:00

AMf-vBwglYT52hOSG8__s-kpzt47jhI5eC7IFuD7Vq-w-ZbwD_Nt9NevX3d6CpzQIpzHNyoAoAZYeNmqKycT34YpjU_H9lcV9xlumKrxuYUSDr7yJ-0eLd0IsoY1JT3gD6qy5p5LiddYGeNzTHA9k5vGo3_5_vCS-yVyRJqMiaY5uMToMgkkLPASnvjw_tCQ0YYz67Mj5MW_FPUrtEqDRRIMy6AIfNlwggjDl1_F3PiItgf8KNf2Kdo
2024-03-29 11:00:00

access token is set
2024-03-29 11:00:00

refresh token is set
2024-03-29 11:00:00

Access token is null
2024-03-29 11:00:00

Not Found!
2024-03-29 11:00:00

Refresh token is null!!!
2024-03-29 11:00:00

Access token is null
2024-03-29 11:00:03

Not Found!
2024-03-29 11:00:03

access token is set
2024-03-29 11:00:06

This token is expired since 2024-03-29T06:00:04+00:00.
2024-03-29 12:05:18

access token is set
2024-03-29 12:05:21

This token is expired since 2024-03-29T07:05:20+00:00.
2024-03-29 14:47:41

access token is set
2024-03-29 14:47:42

cURL error 6: Could not resolve host: www.googleapis.com (see https://curl.haxx.se/libcurl/c/libcurl-errors.html) for https://www.googleapis.com/robot/v1/metadata/x509/securetoken@system.gserviceaccount.com
2024-03-29 15:41:21

access token is set
2024-03-29 15:41:26

This token is expired since 2024-03-29T10:41:23+00:00.
2024-03-29 18:53:45

access token is set
2024-03-29 18:53:46

cURL error 56: OpenSSL SSL_read: Connection was reset, errno 10054 (see https://curl.haxx.se/libcurl/c/libcurl-errors.html) for https://www.googleapis.com/robot/v1/metadata/x509/securetoken@system.gserviceaccount.com
2024-03-29 19:40:04

access token is set
2024-03-29 19:40:16

Access token is null
2024-03-29 21:45:41

Not Found!
2024-03-29 21:45:41

Refresh token is null!!!
2024-03-29 21:45:41

Access token is null
2024-03-29 21:51:07

Not Found!
2024-03-29 21:51:07

Refresh token is null!!!
2024-03-29 21:51:07

Access token is null
2024-03-29 21:51:08

Not Found!
2024-03-29 21:51:08

Refresh token is null!!!
2024-03-29 21:51:08


2024-03-29 21:51:26

AMf-vBz6J5OWS3eJXF4J8ppuaTVV5q-_D-lqkbAICllQ2dfvKHIpc95f4oOBJCLaTeHVKK6Y2_vqJK09xVds1xZOnYNszRIraJ-A0ETch2NU3G3nSvLx9xgpW5xIXwhQ2gUmOXXjOgjaTAIKyOrKKQL6XFp-vX59QIb13tM8mje2DGhac7D5FlSxejL2h1e_o5bBR7ogyik9GuLwQF35rT39wqqxFEQDVxxKdX0WFbDnquYAHJwlyNo
2024-03-29 21:51:26

access token is set
2024-03-29 21:51:26

refresh token is set
2024-03-29 21:51:26

Access token is null
2024-03-29 21:51:26

Not Found!
2024-03-29 21:51:26

Refresh token is null!!!
2024-03-29 21:51:26

Access token is null
2024-03-29 21:51:30

Not Found!
2024-03-29 21:51:30

access token is set
2024-03-29 21:51:34

Error while getting the token's user: Unable to connect to the API: cURL error 6: Could not resolve host: oauth2.googleapis.com (see https://curl.haxx.se/libcurl/c/libcurl-errors.html) for https://oauth2.googleapis.com/token
2024-03-29 21:52:46

Error while getting the token's user: Unable to connect to the API: cURL error 6: Could not resolve host: oauth2.googleapis.com (see https://curl.haxx.se/libcurl/c/libcurl-errors.html) for https://oauth2.googleapis.com/token
2024-03-29 21:52:48

cURL error 6: Could not resolve host: www.googleapis.com (see https://curl.haxx.se/libcurl/c/libcurl-errors.html) for https://www.googleapis.com/robot/v1/metadata/x509/securetoken@system.gserviceaccount.com
2024-03-29 21:55:40

cURL error 6: Could not resolve host: www.googleapis.com (see https://curl.haxx.se/libcurl/c/libcurl-errors.html) for https://www.googleapis.com/robot/v1/metadata/x509/securetoken@system.gserviceaccount.com
2024-03-29 21:55:41

access token is set
2024-03-29 21:55:44

Access token is null
2024-03-29 22:23:39

Not Found!
2024-03-29 22:23:39

Refresh token is null!!!
2024-03-29 22:23:39

Access token is null
2024-03-29 22:23:44

Not Found!
2024-03-29 22:23:44

Refresh token is null!!!
2024-03-29 22:23:44

Access token is null
2024-03-29 22:23:45

Not Found!
2024-03-29 22:23:45

Refresh token is null!!!
2024-03-29 22:23:45

Access token is null
2024-03-29 22:23:50

Not Found!
2024-03-29 22:23:50

Refresh token is null!!!
2024-03-29 22:23:50

Access token is null
2024-03-29 22:23:51

Not Found!
2024-03-29 22:23:51

Refresh token is null!!!
2024-03-29 22:23:51

Access token is null
2024-03-29 22:23:53

Not Found!
2024-03-29 22:23:53

Refresh token is null!!!
2024-03-29 22:23:53

Access token is null
2024-03-29 22:23:53

Not Found!
2024-03-29 22:23:53

Refresh token is null!!!
2024-03-29 22:23:53

Access token is null
2024-03-29 22:24:11

Not Found!
2024-03-29 22:24:11

Refresh token is null!!!
2024-03-29 22:24:11

Access token is null
2024-03-29 22:24:11

Not Found!
2024-03-29 22:24:11

Refresh token is null!!!
2024-03-29 22:24:11

Access token is null
2024-03-29 22:25:25

Not Found!
2024-03-29 22:25:25

Refresh token is null!!!
2024-03-29 22:25:25


2024-03-29 22:26:50

AMf-vBydvNorLgsp56Vs1X51-CnQ8jZNT4QOERRqF3EDxAHpbLsDy72YUA9skyCfazQwmsw9F5uDefd7btFQ0EK1DEjxTsK4xXS2I__OiThdwunBCXeoP-bfeq6LdT7PkijpYD0LvGFAuxDbdEjLJaIIHF0c_cv51Bwj0R2C89R9wgnUuayhZbdQJKBmx7NOpz82ujS5pB369Q8cH8u1bvAo1z-xPQ4JQANxnVuOmExk78z4dt2GHN4
2024-03-29 22:26:50

access token is set
2024-03-29 22:26:50

refresh token is set
2024-03-29 22:26:50

Access token is null
2024-03-29 22:26:50

Not Found!
2024-03-29 22:26:50

Refresh token is null!!!
2024-03-29 22:26:50

Access token is null
2024-03-29 22:27:11

Not Found!
2024-03-29 22:27:11

access token is set
2024-03-29 22:27:14

Access token is null
2024-03-29 22:27:14

Not Found!
2024-03-29 22:27:14

access token is set
2024-03-29 22:27:16

Access token is null
2024-03-29 22:28:10

Not Found!
2024-03-29 22:28:10

Refresh token is null!!!
2024-03-29 22:28:10

Access token is null
2024-03-29 22:28:17

Not Found!
2024-03-29 22:28:17

Refresh token is null!!!
2024-03-29 22:28:17

Access token is null
2024-03-29 22:28:17

Not Found!
2024-03-29 22:28:17

Refresh token is null!!!
2024-03-29 22:28:17


2024-03-29 22:28:35

AMf-vBzR0dx-qi7KLozRiGW7QOFytCFkkty31qDTeyb6QIiFnJ7YGktQSUCOZQvvsu-UmYAXl1AOgdVa5xNZpoyjElFQFWl4Wb8YSjkIOwoOAFmDXvzWMNi1zAwJ133oA3AoMufBOZSMYc_XQsXPh2fpD2aBK2USzCvVS0RnIKjyYkadH-3fFf1VuW-AEDb5dvwkHWz0fpv9nOBXRsEXYLUnJ6XZr4OU-WvKWaaSzxg8225cn2eq6WM
2024-03-29 22:28:35

access token is set
2024-03-29 22:28:35

refresh token is set
2024-03-29 22:28:35

Access token is null
2024-03-29 22:28:35

Not Found!
2024-03-29 22:28:35

Refresh token is null!!!
2024-03-29 22:28:35

Access token is null
2024-03-29 22:28:36

Not Found!
2024-03-29 22:28:36

access token is set
2024-03-29 22:28:41

Access token is null
2024-03-29 22:30:30

Not Found!
2024-03-29 22:30:30

Refresh token is null!!!
2024-03-29 22:30:30


2024-03-29 22:30:44

AMf-vByiyt5uE-ir8jCq4W0AyM_fd5Mq6G1qIjTjb9Zgy08GcEq35gfJPaz5tiCEU6GEgsAvwbTudotYpB7rUOUyRiGC0qh6xK1DtnyncPa86AnCA5fBlOeQENTXNdO5bqiHkeYjNUurj352r4wu7ujxdt2f9W_ksgVVMYyXs7hyy8l9ZhvIldvwfkX7a0_b07jdbCJgvpNKyqZ_KjNQGATTsp58ybdemQPMkDoM6ck6nWVGEeuxxLE
2024-03-29 22:30:44

access token is set
2024-03-29 22:30:44

refresh token is set
2024-03-29 22:30:44

Access token is null
2024-03-29 22:30:44

Not Found!
2024-03-29 22:30:44

Refresh token is null!!!
2024-03-29 22:30:44

Access token is null
2024-03-29 22:31:23

Not Found!
2024-03-29 22:31:23

access token is set
2024-03-29 22:31:27

Error while getting the token's user: Unable to connect to the API: cURL error 35: OpenSSL SSL_connect: Connection was reset in connection to www.googleapis.com:443  (see https://curl.haxx.se/libcurl/c/libcurl-errors.html) for https://www.googleapis.com/identitytoolkit/v3/relyingparty/getAccountInfo
2024-03-29 22:33:20

This token is expired since 2024-03-29T17:31:24+00:00.
2024-03-29 23:55:21

access token is set
2024-03-29 23:55:24

cURL error 6: Could not resolve host: www.googleapis.com (see https://curl.haxx.se/libcurl/c/libcurl-errors.html) for https://www.googleapis.com/robot/v1/metadata/x509/securetoken@system.gserviceaccount.com
2024-03-30 00:20:56

access token is set
2024-03-30 00:21:03

Access token is null
2024-03-30 00:39:44

Not Found!
2024-03-30 00:39:44

Refresh token is null!!!
2024-03-30 00:39:44


2024-03-30 00:40:09

AMf-vByrUQnGfHBBPenGZqUmPd56t_2MXlpiDeLcbEdbYbaBPpUc2dQVB1v4lZ3PgNyoI8o6m3LfspLoE_xQInvGPB9Ya8y2KWIgDR2oxtp4Fc9B-4uLcBgANuhslW3OXVBAfySHQ1S61Y_Tu-fImI7itTgcoe7aU1odSrQc0VxVbXiOe6dOzYzy6sQiy2WZbopKe47Xv-KWLd4-AlIrBCpo-pVefDv7Aa16az7TTCfaJhAu0PW7kzo
2024-03-30 00:40:09

access token is set
2024-03-30 00:40:09

refresh token is set
2024-03-30 00:40:09

Access token is null
2024-03-30 00:40:09

Not Found!
2024-03-30 00:40:09

Refresh token is null!!!
2024-03-30 00:40:09

Access token is null
2024-03-30 00:40:13

Not Found!
2024-03-30 00:40:13

access token is set
2024-03-30 00:40:18

Access token is null
2024-03-30 00:41:24

Not Found!
2024-03-30 00:41:24

Refresh token is null!!!
2024-03-30 00:41:24

Access token is null
2024-03-30 00:41:34

Not Found!
2024-03-30 00:41:34

Refresh token is null!!!
2024-03-30 00:41:34

Access token is null
2024-03-30 00:41:34

Not Found!
2024-03-30 00:41:34

Refresh token is null!!!
2024-03-30 00:41:34


2024-03-30 00:42:03

AMf-vBwQDW-tL5GMoqR17bB4SMp1-KRhMswcVDkWJp22qXchVYQNwv4nwQXBIJPMZL2Zxwrv2Rx2GQXqI7bb7qU0aOUSF7uQt8_-mS1zAhPvq5PkE-dyRoi9VYbknxmz0Xlas1HKJTdJe_NwrRjIgz4MrAWXJJk6uQxKCIF3hSdueb6JO29YTnGCPx_A2Vwab1ZdcBMlAGNTYRnYR5VtQJXNKBFkex_sev-b-IVSKJO7GU0DFhsYiWQ
2024-03-30 00:42:03

access token is set
2024-03-30 00:42:03

refresh token is set
2024-03-30 00:42:03

Access token is null
2024-03-30 00:42:03

Not Found!
2024-03-30 00:42:03

Refresh token is null!!!
2024-03-30 00:42:03

Access token is null
2024-03-30 00:42:08

Not Found!
2024-03-30 00:42:08

access token is set
2024-03-30 00:42:13

Access token is null
2024-03-30 00:45:17

Not Found!
2024-03-30 00:45:17

Refresh token is null!!!
2024-03-30 00:45:17


2024-03-30 00:45:35

AMf-vBzqUoAdTRPrMTu1qHoLrgTvOuwG7HjTY9VxJ6sbbSJSmfMfvPzGcfjqZhzde1RmKNxCgd1pgqfPX0Rz5oMuIV7HQW-B9CdZAZcSWJTGtWfhND0AqqhJap9CDPJWvtEgpc-RkK32qgFGn74yP1awAA0Ohujd6uyuUmY40j6uqOIHmR94JG-uk6U9SOoOEluNFGvgDofDCwtX-e5axnmku8RXZlN5wzeRLmaMI2MTxwNbthQCivM
2024-03-30 00:45:35

access token is set
2024-03-30 00:45:35

refresh token is set
2024-03-30 00:45:35

Access token is null
2024-03-30 00:45:35

Not Found!
2024-03-30 00:45:35

Refresh token is null!!!
2024-03-30 00:45:35

Access token is null
2024-03-30 00:45:54

Not Found!
2024-03-30 00:45:54

access token is set
2024-03-30 00:45:59

Access token is null
2024-03-30 00:49:47

Not Found!
2024-03-30 00:49:47

Refresh token is null!!!
2024-03-30 00:49:47


2024-03-30 00:50:04

AMf-vBz5883Z0LmnJkyqiGRyoTZD-NuoJPhjyUc6tC_tE4nU_b6YpX8D2cx5tmTvsGD0hr4kWujNbKDYw8XSaf_JvX60IeIuLXYqu4xnX3ptfY5VGQnIoOj1N2X5NWMthEq0Ar1oHVw86GRmdKCN6JkGQXUj1r9JkC98DNqciBFjuSt32vZOWjuAY69iUvmHVOaHNu8WhwT3tbE2UXYK4M_OpL2CosvmawmDwQcEOvc4l1OmtRkRUEY
2024-03-30 00:50:04

access token is set
2024-03-30 00:50:04

refresh token is set
2024-03-30 00:50:04

Access token is null
2024-03-30 00:50:04

Not Found!
2024-03-30 00:50:04

Refresh token is null!!!
2024-03-30 00:50:04

Access token is null
2024-03-30 00:50:07

Not Found!
2024-03-30 00:50:07

access token is set
2024-03-30 00:50:12

Access token is null
2024-03-30 00:50:48

Not Found!
2024-03-30 00:50:48

Refresh token is null!!!
2024-03-30 00:50:48


2024-03-30 00:51:05

AMf-vBxF_X8dB7k1J9LYKuYBmDAAzmw7Ah5fEarwmsj0QEoc0-6fzZRTc5IKrVHG2zaQAR2HcAWnA628eI4QgiDCAbv5JrwOUK0agyzIfnHC0-U2lcgJY2VfqG_bdxR_6qn9wNaTgx1FfYwJdZ9LXWZXVo-M-wKQM8TF7tTqzC9fdKkHSqhQ10x-cgzdgfcnkoRY-mVEhnwVH8FSV49M5ZCSHiCUOB9OGxq6jQEAC2rz6hmVILBgykI
2024-03-30 00:51:05

access token is set
2024-03-30 00:51:05

refresh token is set
2024-03-30 00:51:05

Access token is null
2024-03-30 00:51:05

Not Found!
2024-03-30 00:51:05

Refresh token is null!!!
2024-03-30 00:51:05

Access token is null
2024-03-30 00:51:15

Not Found!
2024-03-30 00:51:15

access token is set
2024-03-30 00:51:20

This token is expired since 2024-03-29T19:51:16+00:00.
2024-03-30 01:57:05

access token is set
2024-03-30 01:57:08

This token is expired since 2024-10-11T09:48:36+00:00.
2024-10-11 16:27:20

access token is set
2024-10-11 16:27:21

